Begin: Running /scripts/casper-premount ... done.
done.
stdin: Invalid argument
GPT PMBR size mismatch (4166779 != 60062499) will be corrected by write.
The backup GPT table is not on the end of the device.
GPT PMBR size mismatch (4166779 != 60062499) will be corrected by write.
The backup GPT table is not on the end of the device.
GPT PMBR size mismatch (4166779 != 60062499) will be corrected by write.
The backup GPT table is not on the end of the device. This problem will be corrected by write.
16+0 records in
16+0 records out
done.
Begin: Creating debconf-communicate fifo mechanism ... done.
Begin: Running /scripts/casper-bottom ... Begin: Moving mount points... ... done.
Begin: Configuring fstab... ... done.
Begin: Setting up locales... ... done.
Begin: Setting up automatic login... ... done.
Begin: Disabling systemd's GPT auto generator... ... done.
Begin: Setting hostname... ... done.
Begin: Setting up console keyboard... ... done.
Begin: Applying desktop settings... ... done.
Begin: Regenerating SSL certificate... ... done.
Begin: Loading preseed file... ... done.
Begin: Adding live session user... ... passwd: password expiry information changed.
done.
Begin: Setting up init... ... done.
Begin: Configuring accessibility options... ... done.
Begin: Disabling update-notifier... ... done.
Begin: Configuring power management... ... done.
Begin: Enabling detection of crashes... ... done.
Begin: Disabling unnecessary KDE services... ... done.
Begin: Fixing language selector... ... done.
Begin: Disabling trackerd... ... done.
Begin: Adding APT-CDROM source... ... Using CD-ROM mount point /cdrom/
Identifying... [b0e052f3cebf4be02c4a2eac8d579f9d-2]
Scanning disc for index files...
Found 2 package indexes, 0 source indexes, 0 translation indexes and 1 signatures
Found label 'Ubuntu-Server 22.04.3 LTS _Jammy Jellyfish_ - Release amd64 (20230810)'
This disc is called: 
'Ubuntu-Server 22.04.3 LTS _Jammy Jellyfish_ - Release amd64 (20230810)'
Copying package lists...gpgv: Signature made Thu Aug 10 05:06:17 2023 UTC
gpgv:                using RSA key 843938DF228D22F7B3742BC0D94AA3F0EFE21092
gpgv: Good signature from "Ubuntu CD Image Automatic Signing Key (2012) <cdimage@ubuntu.com>"
Reading Package Indexes... 0%Reading Package Indexes... Done
Writing new source list
Source list entries for this disc are:
deb cdrom:[Ubuntu-Server 22.04.3 LTS _Jammy Jellyfish_ - Release amd64 (20230810)]/ jammy main restricted
Repeat this process for the rest of the CDs in your set.
done.
Begin: Possibly disabling update-initramfs (useless on a live CD)... ... done.
Begin: Grant administrative PolicyKit privileges to default user... ... done.
Begin: Configuring jackd2... ... done.
Begin: Disabling unity8's first run wizard... ... done.
Begin: Disabling gnome-initial-setup... ... done.
Begin: Disabling security unattended-upgrades... ... done.
Begin: Disabling snap refresh... ... done.
Begin: Overriding 71-nvidia.rules... ... done.
Begin: Configuring pollinate... ... done.
Begin: Setting up netowrking for ubuntu-server... ... done.
Begin: Disabling ibus-mozc auto setup... ... done.
Begin: Set up the installer log directory for adm users... ... done.
done.
