["2024-02-08T22:50:28.052", "DEBUG", "uaclient.config", "parse_config", 644, "Using client configuration file at /etc/ubuntu-advantage/uaclient.conf", {}]
["2024-02-08T22:50:28.056", "DEBUG", "root", "load_file", 452, "Reading file: /etc/ubuntu-advantage/uaclient.conf", {}]
["2024-02-08T22:50:28.060", "DEBUG", "root", "load_file", 452, "Reading file: /var/lib/ubuntu-advantage/user-config.json", {}]
["2024-02-08T22:50:28.060", "DEBUG", "uaclient.files.files", "read", 55, "File does not exist: /var/lib/ubuntu-advantage/user-config.json", {}]
["2024-02-08T22:50:28.060", "DEBUG", "root", "load_file", 452, "Reading file: /etc/os-release", {}]
["2024-02-08T22:50:28.079", "DEBUG", "root", "load_file", 452, "Reading file: /var/lib/ubuntu-advantage/status.json", {}]
["2024-02-08T22:50:28.079", "DEBUG", "root", "read_cache", 458, "File does not exist: /var/lib/ubuntu-advantage/status.json", {}]
["2024-02-08T22:50:28.079", "DEBUG", "root", "load_file", 452, "Reading file: /var/lib/ubuntu-advantage/private/machine-token.json", {}]
["2024-02-08T22:50:28.079", "DEBUG", "uaclient.files.files", "read", 55, "File does not exist: /var/lib/ubuntu-advantage/private/machine-token.json", {}]
["2024-02-08T22:50:28.080", "DEBUG", "uaclient.config", "parse_config", 644, "Using client configuration file at /etc/ubuntu-advantage/uaclient.conf", {}]
["2024-02-08T22:50:28.080", "DEBUG", "root", "load_file", 452, "Reading file: /proc/version_signature", {}]
["2024-02-08T22:50:28.080", "DEBUG", "root", "load_file", 452, "Reading file: /etc/ubuntu-advantage/uaclient.conf", {}]
["2024-02-08T22:50:28.081", "DEBUG", "root", "load_file", 452, "Reading file: /var/lib/ubuntu-advantage/user-config.json", {}]
["2024-02-08T22:50:28.081", "DEBUG", "uaclient.files.files", "read", 55, "File does not exist: /var/lib/ubuntu-advantage/user-config.json", {}]
["2024-02-08T22:50:28.084", "DEBUG", "root", "load_file", 452, "Reading file: /var/lib/ubuntu-advantage/private/machine-token.json", {}]
["2024-02-08T22:50:28.085", "DEBUG", "uaclient.files.files", "read", 55, "File does not exist: /var/lib/ubuntu-advantage/private/machine-token.json", {}]
["2024-02-08T22:50:28.109", "DEBUG", "root", "readurl", 311, "URL [GET]: https://contracts.canonical.com/v1/resources?architecture=amd64&kernel=5.15.0-78-generic&series=jammy&virt=, headers: {'accept': 'application/json', 'content-type': 'application/json', 'user-agent': 'UA-Client/28.1~22.04'}, data: None", {}]
["2024-02-08T22:50:28.284", "DEBUG", "root", "readurl", 340, "URL [GET] response: https://contracts.canonical.com/v1/resources?architecture=amd64&kernel=5.15.0-78-generic&series=jammy&virt=, headers: {'accept-ranges': 'bytes', 'cache-control': 'no-store, max-age=0', 'connection': 'close', 'content-length': '837', 'content-type': 'application/json', 'date': 'Thu, 08 Feb 2024 22:50:28 GMT', 'server': 'nginx/1.18.0 (Ubuntu)', 'strict-transport-security': 'max-age=15724800; includeSubDomains', 'x-cache-status': 'MISS from content-cache-il3/1', 'x-trace-id': 'e488e504-d5e5-461a-b624-ae9d7fae6fad'}, data: {'resources': [{'available': True, 'name': 'anbox-cloud'}, {'available': True, 'name': 'anbox-images'}, {'available': True, 'name': 'cc'}, {'available': False, 'name': 'cc-eal'}, {'available': True, 'name': 'cis', 'presentedAs': 'usg'}, {'available': False, 'name': 'esm'}, {'available': True, 'name': 'esm-apps'}, {'available': False, 'name': 'esm-apps-python'}, {'available': True, 'name': 'esm-infra'}, {'available': False, 'name': 'esm-python'}, {'available': False, 'name': 'esm-ros'}, {'available': False, 'name': 'fips'}, {'available': True, 'name': 'fips-preview'}, {'available': True, 'name': 'fips-updates'}, {'available': False, 'name': 'landscape'}, {'available': True, 'name': 'livepatch'}, {'available': True, 'name': 'livepatch-onprem'}, {'available': True, 'name': 'realtime-kernel'}, {'available': False, 'name': 'ros'}, {'available': False, 'name': 'ros-updates'}, {'available': True, 'name': 'support'}]}", {}]
["2024-02-08T22:50:28.286", "DEBUG", "uaclient.status", "_unattached_status", 281, "Ignoring availability of unknown service anbox-cloud from contract server\n", {}]
["2024-02-08T22:50:28.286", "DEBUG", "uaclient.status", "_unattached_status", 281, "Ignoring availability of unknown service anbox-images from contract server\n", {}]
["2024-02-08T22:50:28.286", "DEBUG", "uaclient.status", "_unattached_status", 281, "Ignoring availability of unknown service cc from contract server\n", {}]
["2024-02-08T22:50:28.286", "DEBUG", "uaclient.status", "_unattached_status", 281, "Ignoring availability of unknown service esm from contract server\n", {}]
["2024-02-08T22:50:28.286", "DEBUG", "uaclient.status", "_unattached_status", 281, "Ignoring availability of unknown service esm-apps-python from contract server\n", {}]
["2024-02-08T22:50:28.286", "DEBUG", "uaclient.status", "_unattached_status", 281, "Ignoring availability of unknown service esm-python from contract server\n", {}]
["2024-02-08T22:50:28.286", "DEBUG", "uaclient.status", "_unattached_status", 281, "Ignoring availability of unknown service esm-ros from contract server\n", {}]
["2024-02-08T22:50:28.286", "DEBUG", "uaclient.status", "_unattached_status", 281, "Ignoring availability of unknown service fips-preview from contract server\n", {}]
["2024-02-08T22:50:28.287", "DEBUG", "uaclient.status", "_unattached_status", 281, "Ignoring availability of unknown service landscape from contract server\n", {}]
["2024-02-08T22:50:28.287", "DEBUG", "root", "status", 131, "canonical-livepatch is not installed", {}]
["2024-02-08T22:50:28.287", "DEBUG", "root", "load_file", 452, "Reading file: /run/ubuntu-advantage/livepatch-kernel-support-cache.json", {}]
["2024-02-08T22:50:28.287", "DEBUG", "uaclient.files.files", "read", 55, "File does not exist: /run/ubuntu-advantage/livepatch-kernel-support-cache.json", {}]
["2024-02-08T22:50:28.287", "DEBUG", "root", "on_supported_kernel", 370, "using livepatch support api", {}]
["2024-02-08T22:50:28.287", "DEBUG", "uaclient.config", "parse_config", 644, "Using client configuration file at /etc/ubuntu-advantage/uaclient.conf", {}]
["2024-02-08T22:50:28.287", "DEBUG", "root", "load_file", 452, "Reading file: /etc/ubuntu-advantage/uaclient.conf", {}]
["2024-02-08T22:50:28.287", "DEBUG", "root", "load_file", 452, "Reading file: /var/lib/ubuntu-advantage/user-config.json", {}]
["2024-02-08T22:50:28.287", "DEBUG", "uaclient.files.files", "read", 55, "File does not exist: /var/lib/ubuntu-advantage/user-config.json", {}]
["2024-02-08T22:50:28.287", "DEBUG", "root", "readurl", 311, "URL [GET]: https://livepatch.canonical.com/v1/api/kernels/supported?architecture=amd64&build-date=2023-07-07T15%3A25%3A09%2B00%3A00&codename=jammy&flavour=generic&kernel-version=5.15, headers: {'accept': 'application/json', 'content-type': 'application/json', 'user-agent': 'UA-Client/28.1~22.04'}, data: None", {}]
["2024-02-08T22:50:28.320", "DEBUG", "root", "load_file", 452, "Reading file: /run/ubuntu-advantage//aptnews.json", {}]
["2024-02-08T22:50:28.321", "DEBUG", "root", "select_message", 152, "msg dates don't apply: AptNewsMessage{'begin': datetime.datetime(2023, 10, 6, 0, 0, tzinfo=datetime.timezone.utc), 'end': None, 'selectors': None, 'lines': ['Canonical released microcode updates for both Intel (CVE-2022-40982) and AMD', '(CVE-2023-20593). \u2018Unattended upgrades\u2019 provide security updates by default.', 'Ensure it remains enabled to always get all updates as they become available.']}", {}]
["2024-02-08T22:50:28.321", "DEBUG", "root", "fetch_and_process_apt_news", 179, "using msg: None", {}]
["2024-02-08T22:50:28.418", "DEBUG", "root", "readurl", 340, "URL [GET] response: https://livepatch.canonical.com/v1/api/kernels/supported?architecture=amd64&build-date=2023-07-07T15%3A25%3A09%2B00%3A00&codename=jammy&flavour=generic&kernel-version=5.15, headers: {'accept-ranges': 'bytes', 'cache-control': 'no-store, max-age=0', 'connection': 'close', 'content-length': '58', 'content-type': 'application/json', 'date': 'Thu, 08 Feb 2024 22:50:28 GMT', 'server': 'nginx/1.18.0 (Ubuntu)', 'strict-transport-security': 'max-age=15724800; includeSubDomains', 'x-cache-status': 'MISS from content-cache-il3/1'}, data: {'SruDate': datetime.datetime(2024, 8, 7, 15, 25, 9, tzinfo=datetime.timezone.utc), 'Supported': 'supported'}", {}]
["2024-02-08T22:50:28.419", "DEBUG", "root", "write_file", 492, "Writing file /run/ubuntu-advantage/livepatch-kernel-support-cache.json atomically via tempfile /run/ubuntu-advantage/tmptmqgdbax", {}]
["2024-02-08T22:50:28.419", "DEBUG", "uaclient.status", "_unattached_status", 281, "Ignoring availability of unknown service livepatch-onprem from contract server\n", {}]
["2024-02-08T22:50:28.420", "DEBUG", "uaclient.status", "_unattached_status", 281, "Ignoring availability of unknown service support from contract server\n", {}]
["2024-02-08T22:50:28.420", "DEBUG", "root", "write_file", 492, "Writing file /var/lib/ubuntu-advantage/status.json atomically via tempfile /var/lib/ubuntu-advantage/tmpadgjohjw", {}]
["2024-02-08T22:50:28.421", "DEBUG", "root", "load_file", 452, "Reading file: /var/lib/ubuntu-advantage/private/machine-token.json", {}]
["2024-02-08T22:50:28.421", "DEBUG", "uaclient.files.files", "read", 55, "File does not exist: /var/lib/ubuntu-advantage/private/machine-token.json", {}]
["2024-02-08T22:50:28.421", "DEBUG", "root", "write_file", 492, "Writing file /var/lib/ubuntu-advantage/apt-esm/etc/apt/sources.list.d/ubuntu-esm-apps.list atomically via tempfile /var/lib/ubuntu-advantage/apt-esm/etc/apt/sources.list.d/tmp3zqxwwh7", {}]
["2024-02-08T22:50:28.421", "DEBUG", "root", "export_gpg_key", 18, "Exporting GPG key /usr/share/keyrings/ubuntu-advantage-esm-apps.gpg", {}]
